<?xml version="1.0" encoding="UTF-8"?>
<!-- Generated by org.testng.reporters.JUnitReportReporter -->
<testsuite hostname="ip-10-91-0-4.us-east-2.compute.internal" name="example.NewTest" tests="1" failures="0" timestamp="13 Dec 2017 10:46:34 GMT" time="23.822" errors="0">
  <testcase name="testgooglrsearch" time="23.822" classname="example.NewTest"/>
</testsuite> <!-- example.NewTest -->
